This is pdfTeX, Version 3.14159265-2.6-1.40.21 (MiKTeX 2.9.7380 64-bit) (preloaded format=pdflatex 2020.4.18)  5 OCT 2020 18:23
entering extended mode
**./conference_101719.tex
(conference_101719.tex
LaTeX2e <2020-02-02> patch level 5
L3 programming layer <2020-04-06> (IEEEtran.cls
Document Class: IEEEtran 2015/08/26 V1.8b by Michael Shell
-- See the "IEEEtran_HOWTO" manual for usage information.
-- http://www.michaelshell.org/tex/ieeetran/
\@IEEEtrantmpdimenA=\dimen134
\@IEEEtrantmpdimenB=\dimen135
\@IEEEtrantmpdimenC=\dimen136
\@IEEEtrantmpcountA=\count167
\@IEEEtrantmpcountB=\count168
\@IEEEtrantmpcountC=\count169
\@IEEEtrantmptoksA=\toks15
LaTeX Font Info:    Trying to load font information for OT1+ptm on input line 5
03.
("C:\Users\tawan\AppData\Local\Programs\MiKTeX 2.9\tex/latex/psnfss\ot1ptm.fd"
File: ot1ptm.fd 2001/06/04 font definitions for OT1/ptm.
)
-- Using 8.5in x 11in (letter) paper.
-- Using PDF output.
\@IEEEnormalsizeunitybaselineskip=\dimen137
-- This is a 10 point document.
\CLASSINFOnormalsizebaselineskip=\dimen138
\CLASSINFOnormalsizeunitybaselineskip=\dimen139
\IEEEnormaljot=\dimen140
LaTeX Font Info:    Font shape `OT1/ptm/bx/n' in size <5> not available
(Font)              Font shape `OT1/ptm/b/n' tried instead on input line 1090.
LaTeX Font Info:    Font shape `OT1/ptm/bx/it' in size <5> not available
(Font)              Font shape `OT1/ptm/b/it' tried instead on input line 1090.

LaTeX Font Info:    Font shape `OT1/ptm/bx/n' in size <7> not available
(Font)              Font shape `OT1/ptm/b/n' tried instead on input line 1090.
LaTeX Font Info:    Font shape `OT1/ptm/bx/it' in size <7> not available
(Font)              Font shape `OT1/ptm/b/it' tried instead on input line 1090.

LaTeX Font Info:    Font shape `OT1/ptm/bx/n' in size <8> not available
(Font)              Font shape `OT1/ptm/b/n' tried instead on input line 1090.
LaTeX Font Info:    Font shape `OT1/ptm/bx/it' in size <8> not available
(Font)              Font shape `OT1/ptm/b/it' tried instead on input line 1090.

LaTeX Font Info:    Font shape `OT1/ptm/bx/n' in size <9> not available
(Font)              Font shape `OT1/ptm/b/n' tried instead on input line 1090.
LaTeX Font Info:    Font shape `OT1/ptm/bx/it' in size <9> not available
(Font)              Font shape `OT1/ptm/b/it' tried instead on input line 1090.

LaTeX Font Info:    Font shape `OT1/ptm/bx/n' in size <10> not available
(Font)              Font shape `OT1/ptm/b/n' tried instead on input line 1090.
LaTeX Font Info:    Font shape `OT1/ptm/bx/it' in size <10> not available
(Font)              Font shape `OT1/ptm/b/it' tried instead on input line 1090.

LaTeX Font Info:    Font shape `OT1/ptm/bx/n' in size <11> not available
(Font)              Font shape `OT1/ptm/b/n' tried instead on input line 1090.
LaTeX Font Info:    Font shape `OT1/ptm/bx/it' in size <11> not available
(Font)              Font shape `OT1/ptm/b/it' tried instead on input line 1090.

LaTeX Font Info:    Font shape `OT1/ptm/bx/n' in size <12> not available
(Font)              Font shape `OT1/ptm/b/n' tried instead on input line 1090.
LaTeX Font Info:    Font shape `OT1/ptm/bx/it' in size <12> not available
(Font)              Font shape `OT1/ptm/b/it' tried instead on input line 1090.

LaTeX Font Info:    Font shape `OT1/ptm/bx/n' in size <17> not available
(Font)              Font shape `OT1/ptm/b/n' tried instead on input line 1090.
LaTeX Font Info:    Font shape `OT1/ptm/bx/it' in size <17> not available
(Font)              Font shape `OT1/ptm/b/it' tried instead on input line 1090.

LaTeX Font Info:    Font shape `OT1/ptm/bx/n' in size <20> not available
(Font)              Font shape `OT1/ptm/b/n' tried instead on input line 1090.
LaTeX Font Info:    Font shape `OT1/ptm/bx/it' in size <20> not available
(Font)              Font shape `OT1/ptm/b/it' tried instead on input line 1090.

LaTeX Font Info:    Font shape `OT1/ptm/bx/n' in size <24> not available
(Font)              Font shape `OT1/ptm/b/n' tried instead on input line 1090.
LaTeX Font Info:    Font shape `OT1/ptm/bx/it' in size <24> not available
(Font)              Font shape `OT1/ptm/b/it' tried instead on input line 1090.

\IEEEquantizedlength=\dimen141
\IEEEquantizedlengthdiff=\dimen142
\IEEEquantizedtextheightdiff=\dimen143
\IEEEilabelindentA=\dimen144
\IEEEilabelindentB=\dimen145
\IEEEilabelindent=\dimen146
\IEEEelabelindent=\dimen147
\IEEEdlabelindent=\dimen148
\IEEElabelindent=\dimen149
\IEEEiednormlabelsep=\dimen150
\IEEEiedmathlabelsep=\dimen151
\IEEEiedtopsep=\skip47
\c@section=\count170
\c@subsection=\count171
\c@subsubsection=\count172
\c@paragraph=\count173
\c@IEEEsubequation=\count174
\abovecaptionskip=\skip48
\belowcaptionskip=\skip49
\c@figure=\count175
\c@table=\count176
\@IEEEeqnnumcols=\count177
\@IEEEeqncolcnt=\count178
\@IEEEsubeqnnumrollback=\count179
\@IEEEquantizeheightA=\dimen152
\@IEEEquantizeheightB=\dimen153
\@IEEEquantizeheightC=\dimen154
\@IEEEquantizeprevdepth=\dimen155
\@IEEEquantizemultiple=\count180
\@IEEEquantizeboxA=\box45
\@IEEEtmpitemindent=\dimen156
\IEEEPARstartletwidth=\dimen157
\c@IEEEbiography=\count181
\@IEEEtranrubishbin=\box46
)
** ATTENTION: Overriding command lockouts (line 2).
("C:\Users\tawan\AppData\Local\Programs\MiKTeX 2.9\tex/latex/cite\cite.sty"
LaTeX Info: Redefining \cite on input line 302.
LaTeX Info: Redefining \nocite on input line 332.
Package: cite 2015/02/27  v 5.5
)
("C:\Users\tawan\AppData\Local\Programs\MiKTeX 2.9\tex/latex/amsmath\amsmath.st
y"
Package: amsmath 2020/01/20 v2.17e AMS math features
\@mathmargin=\skip50

For additional information on amsmath, use the `?' option.

("C:\Users\tawan\AppData\Local\Programs\MiKTeX 2.9\tex/latex/amsmath\amstext.st
y"
Package: amstext 2000/06/29 v2.01 AMS text

("C:\Users\tawan\AppData\Local\Programs\MiKTeX 2.9\tex/latex/amsmath\amsgen.sty
"
File: amsgen.sty 1999/11/30 v2.0 generic functions
\@emptytoks=\toks16
\ex@=\dimen158
))
("C:\Users\tawan\AppData\Local\Programs\MiKTeX 2.9\tex/latex/amsmath\amsbsy.sty
"
Package: amsbsy 1999/11/29 v1.2d Bold Symbols
\pmbraise@=\dimen159
)
("C:\Users\tawan\AppData\Local\Programs\MiKTeX 2.9\tex/latex/amsmath\amsopn.sty
"
Package: amsopn 2016/03/08 v2.02 operator names
)
\inf@bad=\count182
LaTeX Info: Redefining \frac on input line 227.
\uproot@=\count183
\leftroot@=\count184
LaTeX Info: Redefining \overline on input line 389.
\classnum@=\count185
\DOTSCASE@=\count186
LaTeX Info: Redefining \ldots on input line 486.
LaTeX Info: Redefining \dots on input line 489.
LaTeX Info: Redefining \cdots on input line 610.
\Mathstrutbox@=\box47
\strutbox@=\box48
\big@size=\dimen160
LaTeX Font Info:    Redeclaring font encoding OML on input line 733.
LaTeX Font Info:    Redeclaring font encoding OMS on input line 734.
\macc@depth=\count187
\c@MaxMatrixCols=\count188
\dotsspace@=\muskip16
\c@parentequation=\count189
\dspbrk@lvl=\count190
\tag@help=\toks17
\row@=\count191
\column@=\count192
\maxfields@=\count193
\andhelp@=\toks18
\eqnshift@=\dimen161
\alignsep@=\dimen162
\tagshift@=\dimen163
\tagwidth@=\dimen164
\totwidth@=\dimen165
\lineht@=\dimen166
\@envbody=\toks19
\multlinegap=\skip51
\multlinetaggap=\skip52
\mathdisplay@stack=\toks20
LaTeX Info: Redefining \[ on input line 2859.
LaTeX Info: Redefining \] on input line 2860.
)
("C:\Users\tawan\AppData\Local\Programs\MiKTeX 2.9\tex/latex/amsfonts\amssymb.s
ty"
Package: amssymb 2013/01/14 v3.01 AMS font symbols

("C:\Users\tawan\AppData\Local\Programs\MiKTeX 2.9\tex/latex/amsfonts\amsfonts.
sty"
Package: amsfonts 2013/01/14 v3.01 Basic AMSFonts support
\symAMSa=\mathgroup4
\symAMSb=\mathgroup5
LaTeX Font Info:    Redeclaring math symbol \hbar on input line 98.
LaTeX Font Info:    Overwriting math alphabet `\mathfrak' in version `bold'
(Font)                  U/euf/m/n --> U/euf/b/n on input line 106.
))
("C:\Users\tawan\AppData\Local\Programs\MiKTeX 2.9\tex/latex/algorithms\algorit
hmic.sty"
Package: algorithmic 2009/08/24 v0.1 Document Style `algorithmic'

("C:\Users\tawan\AppData\Local\Programs\MiKTeX 2.9\tex/latex/base\ifthen.sty"
Package: ifthen 2014/09/29 v1.1c Standard LaTeX ifthen package (DPC)
)
("C:\Users\tawan\AppData\Local\Programs\MiKTeX 2.9\tex/latex/graphics\keyval.st
y"
Package: keyval 2014/10/28 v1.15 key=value parser (DPC)
\KV@toks@=\toks21
)
\c@ALC@unique=\count194
\c@ALC@line=\count195
\c@ALC@rem=\count196
\c@ALC@depth=\count197
\ALC@tlm=\skip53
\algorithmicindent=\skip54
)
("C:\Users\tawan\AppData\Local\Programs\MiKTeX 2.9\tex/latex/graphics\graphicx.
sty"
Package: graphicx 2019/11/30 v1.2a Enhanced LaTeX Graphics (DPC,SPQR)

("C:\Users\tawan\AppData\Local\Programs\MiKTeX 2.9\tex/latex/graphics\graphics.
sty"
Package: graphics 2019/11/30 v1.4a Standard LaTeX Graphics (DPC,SPQR)

("C:\Users\tawan\AppData\Local\Programs\MiKTeX 2.9\tex/latex/graphics\trig.sty"
Package: trig 2016/01/03 v1.10 sin cos tan (DPC)
)
("C:\Users\tawan\AppData\Local\Programs\MiKTeX 2.9\tex/latex/graphics-cfg\graph
ics.cfg"
File: graphics.cfg 2016/06/04 v1.11 sample graphics configuration
)
Package graphics Info: Driver file: pdftex.def on input line 105.

("C:\Users\tawan\AppData\Local\Programs\MiKTeX 2.9\tex/latex/graphics-def\pdfte
x.def"
File: pdftex.def 2018/01/08 v1.0l Graphics/color driver for pdftex
))
\Gin@req@height=\dimen167
\Gin@req@width=\dimen168
)
("C:\Users\tawan\AppData\Local\Programs\MiKTeX 2.9\tex/latex/base\textcomp.sty"
Package: textcomp 2020/02/02 v2.0n Standard LaTeX package
) ("C:\Users\tawan\AppData\Local\Programs\MiKTeX 2.9\tex/latex/xcolor\xcolor.st
y"
Package: xcolor 2016/05/11 v2.12 LaTeX color extensions (UK)

("C:\Users\tawan\AppData\Local\Programs\MiKTeX 2.9\tex/latex/graphics-cfg\color
.cfg"
File: color.cfg 2016/01/02 v1.6 sample color configuration
)
Package xcolor Info: Driver file: pdftex.def on input line 225.
Package xcolor Info: Model `cmy' substituted by `cmy0' on input line 1348.
Package xcolor Info: Model `hsb' substituted by `rgb' on input line 1352.
Package xcolor Info: Model `RGB' extended on input line 1364.
Package xcolor Info: Model `HTML' substituted by `rgb' on input line 1366.
Package xcolor Info: Model `Hsb' substituted by `hsb' on input line 1367.
Package xcolor Info: Model `tHsb' substituted by `hsb' on input line 1368.
Package xcolor Info: Model `HSB' substituted by `hsb' on input line 1369.
Package xcolor Info: Model `Gray' substituted by `gray' on input line 1370.
Package xcolor Info: Model `wave' substituted by `hsb' on input line 1371.
)
("C:\Users\tawan\AppData\Local\Programs\MiKTeX 2.9\tex/latex/caption\caption.st
y"
Package: caption 2020/01/03 v3.4h Customizing captions (AR)

("C:\Users\tawan\AppData\Local\Programs\MiKTeX 2.9\tex/latex/caption\caption3.s
ty"
Package: caption3 2020/01/03 v1.8h caption3 kernel (AR)
Package caption3 Info: TeX engine: e-TeX on input line 61.
\captionmargin=\dimen169
\captionmargin@=\dimen170
\captionwidth=\dimen171
\caption@tempdima=\dimen172
\caption@indent=\dimen173
\caption@parindent=\dimen174
\caption@hangindent=\dimen175
Package caption Info: Unknown document class (or package),
(caption)             standard defaults will be used.
Package caption Info: \@makecaption = \long macro:#1#2->\ifx \@captype \@IEEEta
blestring \footnotesize \bgroup \par \centering \@IEEEtabletopskipstrut {\norma
lfont \footnotesize #1}\\{\normalfont \footnotesize \scshape #2}\par \addvspace
 {0.5\baselineskip }\egroup \@IEEEtablecaptionsepspace \else \@IEEEfigurecaptio
nsepspace \setbox \@tempboxa \hbox {\normalfont \footnotesize {#1.}\nobreakspac
e \nobreakspace #2}\ifdim \wd \@tempboxa >\hsize \setbox \@tempboxa \hbox {\nor
malfont \footnotesize {#1.}\nobreakspace \nobreakspace }\parbox [t]{\hsize }{\n
ormalfont \footnotesize \noindent \unhbox \@tempboxa #2}\else \ifCLASSOPTIONcon
ference \hbox to\hsize {\normalfont \footnotesize \hfil \box \@tempboxa \hfil }
\else \hbox to\hsize {\normalfont \footnotesize \box \@tempboxa \hfil }\fi \fi 
\fi  on input line 1082.
)

Package caption Warning: Unknown document class (or package),
(caption)                standard defaults will be used.
See the caption package documentation for explanation.

\c@caption@flags=\count198
\c@continuedfloat=\count199
)
("C:\Users\tawan\AppData\Local\Programs\MiKTeX 2.9\tex/latex/csvsimple\csvsimpl
e.sty"
Package: csvsimple 2019/04/09 version 1.21 LaTeX CSV file processing

("C:\Users\tawan\AppData\Local\Programs\MiKTeX 2.9\tex/latex/pgf/utilities\pgfr
cs.sty"
("C:\Users\tawan\AppData\Local\Programs\MiKTeX 2.9\tex/generic/pgf/utilities\pg
futil-common.tex"
\pgfutil@everybye=\toks22
\pgfutil@tempdima=\dimen176
\pgfutil@tempdimb=\dimen177

("C:\Users\tawan\AppData\Local\Programs\MiKTeX 2.9\tex/generic/pgf/utilities\pg
futil-common-lists.tex"))
("C:\Users\tawan\AppData\Local\Programs\MiKTeX 2.9\tex/generic/pgf/utilities\pg
futil-latex.def"
\pgfutil@abb=\box49

("C:\Users\tawan\AppData\Local\Programs\MiKTeX 2.9\tex/latex/ms\everyshi.sty"
Package: everyshi 2001/05/15 v3.00 EveryShipout Package (MS)
))
("C:\Users\tawan\AppData\Local\Programs\MiKTeX 2.9\tex/generic/pgf/utilities\pg
frcs.code.tex"
("C:\Users\tawan\AppData\Local\Programs\MiKTeX 2.9\tex/generic/pgf\pgf.revision
.tex")
Package: pgfrcs 2020/01/08 v3.1.5b (3.1.5b)
))
("C:\Users\tawan\AppData\Local\Programs\MiKTeX 2.9\tex/latex/pgf/utilities\pgfk
eys.sty"
("C:\Users\tawan\AppData\Local\Programs\MiKTeX 2.9\tex/generic/pgf/utilities\pg
fkeys.code.tex"
\pgfkeys@pathtoks=\toks23
\pgfkeys@temptoks=\toks24

("C:\Users\tawan\AppData\Local\Programs\MiKTeX 2.9\tex/generic/pgf/utilities\pg
fkeysfiltered.code.tex"
\pgfkeys@tmptoks=\toks25
)))
("C:\Users\tawan\AppData\Local\Programs\MiKTeX 2.9\tex/latex/etoolbox\etoolbox.
sty"
Package: etoolbox 2019/09/21 v2.5h e-TeX tools for LaTeX (JAW)
\etb@tempcnta=\count266
)
("C:\Users\tawan\AppData\Local\Programs\MiKTeX 2.9\tex/latex/tools\shellesc.sty
"
Package: shellesc 2019/11/08 v1.0c unified shell escape interface for LaTeX
Package shellesc Info: Restricted shell escape enabled on input line 77.
)
\csv@file=\read2
\c@csvinputline=\count267
\c@csvrow=\count268
\c@csvcol=\count269
\csv@out=\write3
)
("C:\Users\tawan\AppData\Local\Programs\MiKTeX 2.9\tex/latex/l3backend\l3backen
d-pdfmode.def"
File: l3backend-pdfmode.def 2020-03-12 L3 backend support: PDF mode
\l__kernel_color_stack_int=\count270
\l__pdf_internal_box=\box50
) (conference_101719.aux

LaTeX Warning: Label `Difference of distances between histograms relative to or
ignal: Harris, Rotated, Diamond' multiply defined.


LaTeX Warning: Label `Diamond harris rotated orignal produced image' multiply d
efined.


LaTeX Warning: Label `Diamond harris image 1 rotated produced image' multiply d
efined.


LaTeX Warning: Label `Diamond harris image 2 rotated produced image' multiply d
efined.


LaTeX Warning: Label `Diamond harris image 3 rotated produced image' multiply d
efined.


LaTeX Warning: Label `Difference of keypoitns found relative to first image: Ha
rris, Rotated, Diamond' multiply defined.


LaTeX Warning: Label `Comparison of histograms for each transformed image: Harr
is, Roateted, Diamond' multiply defined.


LaTeX Warning: Label `Difference of keypoitns found relative to first image: Ha
rris, Rotated, Diamond' multiply defined.


LaTeX Warning: Label `Diamond harris image 1 scaled produced image' multiply de
fined.


LaTeX Warning: Label `Diamond harris image 2 scaled produced image' multiply de
fined.


LaTeX Warning: Label `Diamond harris image 3 scaled produced image' multiply de
fined.


LaTeX Warning: Label `Dugong: 1st cluster found by k-means' multiply defined.


LaTeX Warning: Label `Dugong: 2nd cluster found by k-means' multiply defined.


LaTeX Warning: Label `Dugong: 3rd cluster found by k-means' multiply defined.

)
\openout1 = `conference_101719.aux'.

LaTeX Font Info:    Checking defaults for OML/cmm/m/it on input line 14.
LaTeX Font Info:    ... okay on input line 14.
LaTeX Font Info:    Checking defaults for OMS/cmsy/m/n on input line 14.
LaTeX Font Info:    ... okay on input line 14.
LaTeX Font Info:    Checking defaults for OT1/cmr/m/n on input line 14.
LaTeX Font Info:    ... okay on input line 14.
LaTeX Font Info:    Checking defaults for T1/cmr/m/n on input line 14.
LaTeX Font Info:    ... okay on input line 14.
LaTeX Font Info:    Checking defaults for TS1/cmr/m/n on input line 14.
LaTeX Font Info:    ... okay on input line 14.
LaTeX Font Info:    Checking defaults for OMX/cmex/m/n on input line 14.
LaTeX Font Info:    ... okay on input line 14.
LaTeX Font Info:    Checking defaults for U/cmr/m/n on input line 14.
LaTeX Font Info:    ... okay on input line 14.

-- Lines per column: 56 (exact).

("C:\Users\tawan\AppData\Local\Programs\MiKTeX 2.9\tex/context/base/mkii\supp-p
df.mkii"
[Loading MPS to PDF converter (version 2006.09.02).]
\scratchcounter=\count271
\scratchdimen=\dimen178
\scratchbox=\box51
\nofMPsegments=\count272
\nofMParguments=\count273
\everyMPshowfont=\toks26
\MPscratchCnt=\count274
\MPscratchDim=\dimen179
\MPnumerator=\count275
\makeMPintoPDFobject=\count276
\everyMPtoPDFconversion=\toks27
)
("C:\Users\tawan\AppData\Local\Programs\MiKTeX 2.9\tex/latex/epstopdf-pkg\epsto
pdf-base.sty"
Package: epstopdf-base 2020-01-24 v2.11 Base part for package epstopdf
Package epstopdf-base Info: Redefining graphics rule for `.eps' on input line 4
85.
)
Package caption Info: Begin \AtBeginDocument code.
Package caption Info: End \AtBeginDocument code.
 ABD: EveryShipout initializing macros
LaTeX Font Info:    Trying to load font information for U+msa on input line 46.


("C:\Users\tawan\AppData\Local\Programs\MiKTeX 2.9\tex/latex/amsfonts\umsa.fd"
File: umsa.fd 2013/01/14 v3.01 AMS symbols A
)
LaTeX Font Info:    Trying to load font information for U+msb on input line 46.

("C:\Users\tawan\AppData\Local\Programs\MiKTeX 2.9\tex/latex/amsfonts\umsb.fd"
File: umsb.fd 2013/01/14 v3.01 AMS symbols B
) [1{C:/Users/tawan/AppData/Local/MiKTeX/2.9/pdftex/config/pdftex.map}


]
<../programme/results/Task_1/rotated_experiements/Harris/diamond/experiement-on
e-diff-kp-detected.png, id=16, 1885.0425pt x 997.7275pt>
File: ../programme/results/Task_1/rotated_experiements/Harris/diamond/experieme
nt-one-diff-kp-detected.png Graphic file (type png)
<use ../programme/results/Task_1/rotated_experiements/Harris/diamond/experiemen
t-one-diff-kp-detected.png>
Package pdftex.def Info: ../programme/results/Task_1/rotated_experiements/Harri
s/diamond/experiement-one-diff-kp-detected.png  used on input line 93.
(pdftex.def)             Requested size: 232.19843pt x 122.88873pt.
<../programme/results/Task_1/rotated_experiements/Harris/diamond/experiment_two
_raw_hists.png, id=18, 1905.1175pt x 999.735pt>
File: ../programme/results/Task_1/rotated_experiements/Harris/diamond/experimen
t_two_raw_hists.png Graphic file (type png)
<use ../programme/results/Task_1/rotated_experiements/Harris/diamond/experiment
_two_raw_hists.png>
Package pdftex.def Info: ../programme/results/Task_1/rotated_experiements/Harri
s/diamond/experiment_two_raw_hists.png  used on input line 99.
(pdftex.def)             Requested size: 232.19843pt x 121.83934pt.
<../programme/results/Task_1/rotated_experiements/Harris/diamond/experiment_thr
ee_distance_between_hists.png, id=19, 1914.15125pt x 1018.80624pt>
File: ../programme/results/Task_1/rotated_experiements/Harris/diamond/experimen
t_three_distance_between_hists.png Graphic file (type png)
<use ../programme/results/Task_1/rotated_experiements/Harris/diamond/experiment
_three_distance_between_hists.png>
Package pdftex.def Info: ../programme/results/Task_1/rotated_experiements/Harri
s/diamond/experiment_three_distance_between_hists.png  used on input line 106.
(pdftex.def)             Requested size: 309.60315pt x 164.78453pt.
<../programme/results/Task_1/rotated_experiements/Harris/diamond/image_0.jpg, i
d=20, 182.6825pt x 279.0425pt>
File: ../programme/results/Task_1/rotated_experiements/Harris/diamond/image_0.j
pg Graphic file (type jpg)
<use ../programme/results/Task_1/rotated_experiements/Harris/diamond/image_0.jp
g>
Package pdftex.def Info: ../programme/results/Task_1/rotated_experiements/Harri
s/diamond/image_0.jpg  used on input line 115.
(pdftex.def)             Requested size: 103.19843pt x 157.63374pt.
<../programme/results/Task_1/rotated_experiements/Harris/diamond/image_1.jpg, i
d=21, 247.92625pt x 316.18124pt>
File: ../programme/results/Task_1/rotated_experiements/Harris/diamond/image_1.j
pg Graphic file (type jpg)
<use ../programme/results/Task_1/rotated_experiements/Harris/diamond/image_1.jp
g>
Package pdftex.def Info: ../programme/results/Task_1/rotated_experiements/Harri
s/diamond/image_1.jpg  used on input line 121.
(pdftex.def)             Requested size: 103.19843pt x 131.60837pt.
<../programme/results/Task_1/rotated_experiements/Harris/diamond/image_2.jpg, i
d=22, 297.11pt x 332.24126pt>
File: ../programme/results/Task_1/rotated_experiements/Harris/diamond/image_2.j
pg Graphic file (type jpg)
<use ../programme/results/Task_1/rotated_experiements/Harris/diamond/image_2.jp
g>
Package pdftex.def Info: ../programme/results/Task_1/rotated_experiements/Harri
s/diamond/image_2.jpg  used on input line 127.
(pdftex.def)             Requested size: 103.19843pt x 115.39899pt.
<../programme/results/Task_1/rotated_experiements/Harris/diamond/image_3.jpg, i
d=23, 326.21875pt x 326.21875pt>
File: ../programme/results/Task_1/rotated_experiements/Harris/diamond/image_3.j
pg Graphic file (type jpg)
<use ../programme/results/Task_1/rotated_experiements/Harris/diamond/image_3.jp
g>
Package pdftex.def Info: ../programme/results/Task_1/rotated_experiements/Harri
s/diamond/image_3.jpg  used on input line 133.
(pdftex.def)             Requested size: 103.19843pt x 103.19748pt.
<../programme/results/Task_1/scaled_experiements/Harris/diamond/experiment_one_
diff_kp.png, id=24, 1931.215pt x 1053.9375pt>
File: ../programme/results/Task_1/scaled_experiements/Harris/diamond/experiment
_one_diff_kp.png Graphic file (type png)
<use ../programme/results/Task_1/scaled_experiements/Harris/diamond/experiment_
one_diff_kp.png>
Package pdftex.def Info: ../programme/results/Task_1/scaled_experiements/Harris
/diamond/experiment_one_diff_kp.png  used on input line 144.
(pdftex.def)             Requested size: 232.19843pt x 126.70827pt.
<../programme/results/Task_1/scaled_experiements/Harris/diamond/exp_three_diff_
between_hists.png, id=25, 1907.125pt x 1051.93pt>
File: ../programme/results/Task_1/scaled_experiements/Harris/diamond/exp_three_
diff_between_hists.png Graphic file (type png)
<use ../programme/results/Task_1/scaled_experiements/Harris/diamond/exp_three_d
iff_between_hists.png>
Package pdftex.def Info: ../programme/results/Task_1/scaled_experiements/Harris
/diamond/exp_three_diff_between_hists.png  used on input line 150.
(pdftex.def)             Requested size: 232.19843pt x 128.07202pt.
<../programme/results/Task_1/scaled_experiements/Harris/diamond/exp_two_comarin
g_histograms.png, id=26, 1944.26375pt x 1043.9pt>
File: ../programme/results/Task_1/scaled_experiements/Harris/diamond/exp_two_co
maring_histograms.png Graphic file (type png)
<use ../programme/results/Task_1/scaled_experiements/Harris/diamond/exp_two_com
aring_histograms.png>
Package pdftex.def Info: ../programme/results/Task_1/scaled_experiements/Harris
/diamond/exp_two_comaring_histograms.png  used on input line 157.
(pdftex.def)             Requested size: 232.19843pt x 124.6573pt.
<../programme/results/Task_1/scaled_experiements/Harris/diamond/image_0.jpg, id
=27, 182.6825pt x 279.0425pt>
File: ../programme/results/Task_1/scaled_experiements/Harris/diamond/image_0.jp
g Graphic file (type jpg)
<use ../programme/results/Task_1/scaled_experiements/Harris/diamond/image_0.jpg
>
Package pdftex.def Info: ../programme/results/Task_1/scaled_experiements/Harris
/diamond/image_0.jpg  used on input line 166.
(pdftex.def)             Requested size: 103.19843pt x 157.63374pt.

Underfull \hbox (badness 3068) in paragraph at lines 167--167
[]\OT1/ptm/m/n/10 Fig. 11: |Har-ris scaled
 []

<../programme/results/Task_1/scaled_experiements/Harris/diamond/image_1.jpg, id
=28, 91.34125pt x 139.52126pt>
File: ../programme/results/Task_1/scaled_experiements/Harris/diamond/image_1.jp
g Graphic file (type jpg)
<use ../programme/results/Task_1/scaled_experiements/Harris/diamond/image_1.jpg
>
Package pdftex.def Info: ../programme/results/Task_1/scaled_experiements/Harris
/diamond/image_1.jpg  used on input line 172.
(pdftex.def)             Requested size: 103.19843pt x 157.64014pt.
<../programme/results/Task_1/scaled_experiements/Harris/diamond/image_2.jpg, id
=29, 98.3675pt x 150.5625pt>
File: ../programme/results/Task_1/scaled_experiements/Harris/diamond/image_2.jp
g Graphic file (type jpg)
<use ../programme/results/Task_1/scaled_experiements/Harris/diamond/image_2.jpg
>
Package pdftex.def Info: ../programme/results/Task_1/scaled_experiements/Harris
/diamond/image_2.jpg  used on input line 178.
(pdftex.def)             Requested size: 103.19843pt x 157.95512pt.
<../programme/results/Task_1/scaled_experiements/Harris/diamond/image_3.jpg, id
=30, 106.3975pt x 162.6075pt>
File: ../programme/results/Task_1/scaled_experiements/Harris/diamond/image_3.jp
g Graphic file (type jpg)
<use ../programme/results/Task_1/scaled_experiements/Harris/diamond/image_3.jpg
>
Package pdftex.def Info: ../programme/results/Task_1/scaled_experiements/Harris
/diamond/image_3.jpg  used on input line 184.
(pdftex.def)             Requested size: 103.19843pt x 157.7266pt.
<../programme/results/Task_1/rotated_experiements/SIFT/diamond/experiment_one_d
ifference_found_kp.png, id=31, 1930.21124pt x 1018.80624pt>
File: ../programme/results/Task_1/rotated_experiements/SIFT/diamond/experiment_
one_difference_found_kp.png Graphic file (type png)
<use ../programme/results/Task_1/rotated_experiements/SIFT/diamond/experiment_o
ne_difference_found_kp.png>
Package pdftex.def Info: ../programme/results/Task_1/rotated_experiements/SIFT/
diamond/experiment_one_difference_found_kp.png  used on input line 197.
(pdftex.def)             Requested size: 232.19843pt x 122.54684pt.
<../programme/results/Task_1/rotated_experiements/SIFT/diamond/experiment_two_p
lotting_histograms.png, id=32, 1935.23pt x 1030.85126pt>
File: ../programme/results/Task_1/rotated_experiements/SIFT/diamond/experiment_
two_plotting_histograms.png Graphic file (type png)
<use ../programme/results/Task_1/rotated_experiements/SIFT/diamond/experiment_t
wo_plotting_histograms.png>
Package pdftex.def Info: ../programme/results/Task_1/rotated_experiements/SIFT/
diamond/experiment_two_plotting_histograms.png  used on input line 204.
(pdftex.def)             Requested size: 232.19843pt x 123.68108pt.
<../programme/results/Task_1/rotated_experiements/SIFT/diamond/experiment_three
_comparing differnces between histograms.png, id=33, 1917.1625pt x 1057.9525pt>

File: ../programme/results/Task_1/rotated_experiements/SIFT/diamond/experiment_
three_comparing differnces between histograms.png Graphic file (type png)
<use ../programme/results/Task_1/rotated_experiements/SIFT/diamond/experiment_t
hree_comparing differnces between histograms.png>
Package pdftex.def Info: ../programme/results/Task_1/rotated_experiements/SIFT/
diamond/experiment_three_comparing differnces between histograms.png  used on i
nput line 211.
(pdftex.def)             Requested size: 309.60315pt x 170.84174pt.
<../programme/results/Task_1/rotated_experiements/SIFT/diamond/image_0.jpg, id=
34, 182.6825pt x 279.0425pt>
File: ../programme/results/Task_1/rotated_experiements/SIFT/diamond/image_0.jpg
 Graphic file (type jpg)
<use ../programme/results/Task_1/rotated_experiements/SIFT/diamond/image_0.jpg>

Package pdftex.def Info: ../programme/results/Task_1/rotated_experiements/SIFT/
diamond/image_0.jpg  used on input line 220.
(pdftex.def)             Requested size: 103.19843pt x 157.63374pt.
<../programme/results/Task_1/rotated_experiements/SIFT/diamond/image_1.jpg, id=
35, 247.92625pt x 316.18124pt>
File: ../programme/results/Task_1/rotated_experiements/SIFT/diamond/image_1.jpg
 Graphic file (type jpg)
<use ../programme/results/Task_1/rotated_experiements/SIFT/diamond/image_1.jpg>

Package pdftex.def Info: ../programme/results/Task_1/rotated_experiements/SIFT/
diamond/image_1.jpg  used on input line 226.
(pdftex.def)             Requested size: 103.19843pt x 131.60837pt.
<../programme/results/Task_1/rotated_experiements/SIFT/diamond/image_2.jpg, id=
36, 297.11pt x 332.24126pt>
File: ../programme/results/Task_1/rotated_experiements/SIFT/diamond/image_2.jpg
 Graphic file (type jpg)
<use ../programme/results/Task_1/rotated_experiements/SIFT/diamond/image_2.jpg>

Package pdftex.def Info: ../programme/results/Task_1/rotated_experiements/SIFT/
diamond/image_2.jpg  used on input line 232.
(pdftex.def)             Requested size: 103.19843pt x 115.39899pt.
<../programme/results/Task_1/rotated_experiements/SIFT/diamond/image_3.jpg, id=
37, 326.21875pt x 326.21875pt>
File: ../programme/results/Task_1/rotated_experiements/SIFT/diamond/image_3.jpg
 Graphic file (type jpg)
<use ../programme/results/Task_1/rotated_experiements/SIFT/diamond/image_3.jpg>

Package pdftex.def Info: ../programme/results/Task_1/rotated_experiements/SIFT/
diamond/image_3.jpg  used on input line 238.
(pdftex.def)             Requested size: 103.19843pt x 103.19748pt.
<../programme/results/Task_1/scaled_experiements/SIFT/diamond/diff_hists.png, i
d=38, 1905.1175pt x 1034.86626pt>
File: ../programme/results/Task_1/scaled_experiements/SIFT/diamond/diff_hists.p
ng Graphic file (type png)
<use ../programme/results/Task_1/scaled_experiements/SIFT/diamond/diff_hists.pn
g>
Package pdftex.def Info: ../programme/results/Task_1/scaled_experiements/SIFT/d
iamond/diff_hists.png  used on input line 250.
(pdftex.def)             Requested size: 232.19843pt x 126.12085pt.
File: ../programme/results/Task_1/scaled_experiements/SIFT/diamond/diff_hists.p
ng Graphic file (type png)
<use ../programme/results/Task_1/scaled_experiements/SIFT/diamond/diff_hists.pn
g>
Package pdftex.def Info: ../programme/results/Task_1/scaled_experiements/SIFT/d
iamond/diff_hists.png  used on input line 256.
(pdftex.def)             Requested size: 232.19843pt x 126.12085pt.
<../programme/results/Task_1/scaled_experiements/SIFT/diamond/keypoints_found.p
ng, id=39, 1905.1175pt x 1012.78375pt>
File: ../programme/results/Task_1/scaled_experiements/SIFT/diamond/keypoints_fo
und.png Graphic file (type png)
<use ../programme/results/Task_1/scaled_experiements/SIFT/diamond/keypoints_fou
nd.png>
Package pdftex.def Info: ../programme/results/Task_1/scaled_experiements/SIFT/d
iamond/keypoints_found.png  used on input line 263.
(pdftex.def)             Requested size: 232.19843pt x 123.42963pt.
<../programme/results/Task_1/scaled_experiements/SIFT/diamond/image_0.jpg, id=4
0, 182.6825pt x 279.0425pt>
File: ../programme/results/Task_1/scaled_experiements/SIFT/diamond/image_0.jpg 
Graphic file (type jpg)
<use ../programme/results/Task_1/scaled_experiements/SIFT/diamond/image_0.jpg>
Package pdftex.def Info: ../programme/results/Task_1/scaled_experiements/SIFT/d
iamond/image_0.jpg  used on input line 272.
(pdftex.def)             Requested size: 103.19843pt x 157.63374pt.

Underfull \hbox (badness 3068) in paragraph at lines 273--273
[]\OT1/ptm/m/n/10 Fig. 25: |Har-ris scaled
 []

<../programme/results/Task_1/scaled_experiements/SIFT/diamond/image_1.jpg, id=4
1, 91.34125pt x 139.52126pt>
File: ../programme/results/Task_1/scaled_experiements/SIFT/diamond/image_1.jpg 
Graphic file (type jpg)
<use ../programme/results/Task_1/scaled_experiements/SIFT/diamond/image_1.jpg>
Package pdftex.def Info: ../programme/results/Task_1/scaled_experiements/SIFT/d
iamond/image_1.jpg  used on input line 278.
(pdftex.def)             Requested size: 103.19843pt x 157.64014pt.
<../programme/results/Task_1/scaled_experiements/SIFT/diamond/image_2.jpg, id=4
2, 98.3675pt x 150.5625pt>
File: ../programme/results/Task_1/scaled_experiements/SIFT/diamond/image_2.jpg 
Graphic file (type jpg)
<use ../programme/results/Task_1/scaled_experiements/SIFT/diamond/image_2.jpg>
Package pdftex.def Info: ../programme/results/Task_1/scaled_experiements/SIFT/d
iamond/image_2.jpg  used on input line 284.
(pdftex.def)             Requested size: 103.19843pt x 157.95512pt.
<../programme/results/Task_1/scaled_experiements/SIFT/diamond/image_3.jpg, id=4
3, 106.3975pt x 162.6075pt>
File: ../programme/results/Task_1/scaled_experiements/SIFT/diamond/image_3.jpg 
Graphic file (type jpg)
<use ../programme/results/Task_1/scaled_experiements/SIFT/diamond/image_3.jpg>
Package pdftex.def Info: ../programme/results/Task_1/scaled_experiements/SIFT/d
iamond/image_3.jpg  used on input line 290.
(pdftex.def)             Requested size: 103.19843pt x 157.7266pt.
<../programme/results/Task_1/rotated_experiements/Harris/dugong/num_corners.png
, id=44, 1896.08376pt x 1002.74625pt>
File: ../programme/results/Task_1/rotated_experiements/Harris/dugong/num_corner
s.png Graphic file (type png)
<use ../programme/results/Task_1/rotated_experiements/Harris/dugong/num_corners
.png>
Package pdftex.def Info: ../programme/results/Task_1/rotated_experiements/Harri
s/dugong/num_corners.png  used on input line 302.
(pdftex.def)             Requested size: 232.19843pt x 122.78777pt.
<../programme/results/Task_1/rotated_experiements/Harris/dugong/diff_hists.png,
 id=45, 1921.1775pt x 997.7275pt>
File: ../programme/results/Task_1/rotated_experiements/Harris/dugong/diff_hists
.png Graphic file (type png)
<use ../programme/results/Task_1/rotated_experiements/Harris/dugong/diff_hists.
png>
Package pdftex.def Info: ../programme/results/Task_1/rotated_experiements/Harri
s/dugong/diff_hists.png  used on input line 308.
(pdftex.def)             Requested size: 232.19843pt x 120.57468pt.
<../programme/results/Task_1/rotated_experiements/Harris/dugong/hists.png, id=4
6, 1914.15125pt x 990.70125pt>
File: ../programme/results/Task_1/rotated_experiements/Harris/dugong/hists.png 
Graphic file (type png)
<use ../programme/results/Task_1/rotated_experiements/Harris/dugong/hists.png>
Package pdftex.def Info: ../programme/results/Task_1/rotated_experiements/Harri
s/dugong/hists.png  used on input line 315.
(pdftex.def)             Requested size: 232.19843pt x 120.16396pt.
<../programme/results/Task_1/rotated_experiements/Harris/dugong/image_0.jpg, id
=47, 863.225pt x 481.8pt>
File: ../programme/results/Task_1/rotated_experiements/Harris/dugong/image_0.jp
g Graphic file (type jpg)
<use ../programme/results/Task_1/rotated_experiements/Harris/dugong/image_0.jpg
>
Package pdftex.def Info: ../programme/results/Task_1/rotated_experiements/Harri
s/dugong/image_0.jpg  used on input line 324.
(pdftex.def)             Requested size: 103.19843pt x 57.59294pt.
<../programme/results/Task_1/rotated_experiements/Harris/dugong/image_1.jpg, id
=48, 957.5775pt x 688.5725pt>
File: ../programme/results/Task_1/rotated_experiements/Harris/dugong/image_1.jp
g Graphic file (type jpg)
<use ../programme/results/Task_1/rotated_experiements/Harris/dugong/image_1.jpg
>
Package pdftex.def Info: ../programme/results/Task_1/rotated_experiements/Harri
s/dugong/image_1.jpg  used on input line 330.
(pdftex.def)             Requested size: 103.19843pt x 74.1987pt.
<../programme/results/Task_1/rotated_experiements/Harris/dugong/image_2.jpg, id
=49, 987.69pt x 848.16875pt>
File: ../programme/results/Task_1/rotated_experiements/Harris/dugong/image_2.jp
g Graphic file (type jpg)
<use ../programme/results/Task_1/rotated_experiements/Harris/dugong/image_2.jpg
>
Package pdftex.def Info: ../programme/results/Task_1/rotated_experiements/Harri
s/dugong/image_2.jpg  used on input line 336.
(pdftex.def)             Requested size: 103.19843pt x 88.61385pt.
<../programme/results/Task_1/rotated_experiements/Harris/dugong/image_3.jpg, id
=50, 950.55125pt x 950.55125pt>
File: ../programme/results/Task_1/rotated_experiements/Harris/dugong/image_3.jp
g Graphic file (type jpg)
<use ../programme/results/Task_1/rotated_experiements/Harris/dugong/image_3.jpg
>
Package pdftex.def Info: ../programme/results/Task_1/rotated_experiements/Harri
s/dugong/image_3.jpg  used on input line 342.
(pdftex.def)             Requested size: 103.19843pt x 103.19756pt.
<../programme/results/Task_1/scaled_experiements/Harris/dugong/diff between key
points found.png, id=51, 1924.18875pt x 1000.73875pt>
File: ../programme/results/Task_1/scaled_experiements/Harris/dugong/diff betwee
n keypoints found.png Graphic file (type png)
<use ../programme/results/Task_1/scaled_experiements/Harris/dugong/diff between
 keypoints found.png>
Package pdftex.def Info: ../programme/results/Task_1/scaled_experiements/Harris
/dugong/diff between keypoints found.png  used on input line 354.
(pdftex.def)             Requested size: 232.19843pt x 120.75534pt.
<../programme/results/Task_1/scaled_experiements/Harris/dugong/hists.png, id=52
, 1920.17375pt x 1056.94875pt>
File: ../programme/results/Task_1/scaled_experiements/Harris/dugong/hists.png G
raphic file (type png)
<use ../programme/results/Task_1/scaled_experiements/Harris/dugong/hists.png>
Package pdftex.def Info: ../programme/results/Task_1/scaled_experiements/Harris
/dugong/hists.png  used on input line 360.
(pdftex.def)             Requested size: 232.19843pt x 127.81216pt.
<../programme/results/Task_1/scaled_experiements/Harris/dugong/diff_hists.png, 
id=53, 1927.2pt x 1016.79875pt>
File: ../programme/results/Task_1/scaled_experiements/Harris/dugong/diff_hists.
png Graphic file (type png)
<use ../programme/results/Task_1/scaled_experiements/Harris/dugong/diff_hists.p
ng>
Package pdftex.def Info: ../programme/results/Task_1/scaled_experiements/Harris
/dugong/diff_hists.png  used on input line 367.
(pdftex.def)             Requested size: 232.19843pt x 122.50706pt.
<../programme/results/Task_1/scaled_experiements/Harris/dugong/image_0.jpg, id=
54, 863.225pt x 481.8pt>
File: ../programme/results/Task_1/scaled_experiements/Harris/dugong/image_0.jpg
 Graphic file (type jpg)
<use ../programme/results/Task_1/scaled_experiements/Harris/dugong/image_0.jpg>

Package pdftex.def Info: ../programme/results/Task_1/scaled_experiements/Harris
/dugong/image_0.jpg  used on input line 376.
(pdftex.def)             Requested size: 103.19843pt x 57.59294pt.
<../programme/results/Task_1/scaled_experiements/Harris/dugong/image_1.jpg, id=
55, 431.6125pt x 240.9pt>
File: ../programme/results/Task_1/scaled_experiements/Harris/dugong/image_1.jpg
 Graphic file (type jpg)
<use ../programme/results/Task_1/scaled_experiements/Harris/dugong/image_1.jpg>

Package pdftex.def Info: ../programme/results/Task_1/scaled_experiements/Harris
/dugong/image_1.jpg  used on input line 382.
(pdftex.def)             Requested size: 103.19843pt x 57.59662pt.
<../programme/results/Task_1/scaled_experiements/Harris/dugong/image_2.jpg, id=
56, 466.74374pt x 260.975pt>
File: ../programme/results/Task_1/scaled_experiements/Harris/dugong/image_2.jpg
 Graphic file (type jpg)
<use ../programme/results/Task_1/scaled_experiements/Harris/dugong/image_2.jpg>

Package pdftex.def Info: ../programme/results/Task_1/scaled_experiements/Harris
/dugong/image_2.jpg  used on input line 388.
(pdftex.def)             Requested size: 103.19843pt x 57.70139pt.
<../programme/results/Task_1/scaled_experiements/Harris/dugong/image_3.jpg, id=
57, 502.87875pt x 281.05pt>
File: ../programme/results/Task_1/scaled_experiements/Harris/dugong/image_3.jpg
 Graphic file (type jpg)
<use ../programme/results/Task_1/scaled_experiements/Harris/dugong/image_3.jpg>

Package pdftex.def Info: ../programme/results/Task_1/scaled_experiements/Harris
/dugong/image_3.jpg  used on input line 394.
(pdftex.def)             Requested size: 103.19843pt x 57.67566pt.

LaTeX Warning: Reference `Diamond Harris rotated original produced image' on pa
ge 2 undefined on input line 404.


LaTeX Warning: Reference `the dugong images' on page 2 undefined on input line 
404.

[2

]
Underfull \vbox (badness 4765) has occurred while \output is active []


Underfull \vbox (badness 10000) has occurred while \output is active []

 [3 <../programme/results/Task_1/rotated_experiements/Harris/diamond/experiemen
t-one-diff-kp-detected.png> <../programme/results/Task_1/rotated_experiements/H
arris/diamond/experiment_two_raw_hists.png> <../programme/results/Task_1/rotate
d_experiements/Harris/diamond/experiment_three_distance_between_hists.png> <../
programme/results/Task_1/rotated_experiements/Harris/diamond/image_0.jpg> <../p
rogramme/results/Task_1/rotated_experiements/Harris/diamond/image_1.jpg> <../pr
ogramme/results/Task_1/rotated_experiements/Harris/diamond/image_2.jpg> <../pro
gramme/results/Task_1/rotated_experiements/Harris/diamond/image_3.jpg>]
Underfull \vbox (badness 10000) has occurred while \output is active []


Underfull \vbox (badness 10000) has occurred while \output is active []

 [4 <../programme/results/Task_1/scaled_experiements/Harris/diamond/experiment_
one_diff_kp.png> <../programme/results/Task_1/scaled_experiements/Harris/diamon
d/exp_three_diff_between_hists.png> <../programme/results/Task_1/scaled_experie
ments/Harris/diamond/exp_two_comaring_histograms.png> <../programme/results/Tas
k_1/scaled_experiements/Harris/diamond/image_0.jpg> <../programme/results/Task_
1/scaled_experiements/Harris/diamond/image_1.jpg> <../programme/results/Task_1/
scaled_experiements/Harris/diamond/image_2.jpg> <../programme/results/Task_1/sc
aled_experiements/Harris/diamond/image_3.jpg>]
Underfull \vbox (badness 10000) has occurred while \output is active []


Underfull \vbox (badness 10000) has occurred while \output is active []

 [5 <../programme/results/Task_1/rotated_experiements/SIFT/diamond/experiment_o
ne_difference_found_kp.png> <../programme/results/Task_1/rotated_experiements/S
IFT/diamond/experiment_two_plotting_histograms.png> <../programme/results/Task_
1/rotated_experiements/SIFT/diamond/experiment_three_comparing differnces betwe
en histograms.png> <../programme/results/Task_1/rotated_experiements/SIFT/diamo
nd/image_0.jpg> <../programme/results/Task_1/rotated_experiements/SIFT/diamond/
image_1.jpg> <../programme/results/Task_1/rotated_experiements/SIFT/diamond/ima
ge_2.jpg> <../programme/results/Task_1/rotated_experiements/SIFT/diamond/image_
3.jpg>]
Underfull \vbox (badness 10000) has occurred while \output is active []

 [6 <../programme/results/Task_1/scaled_experiements/SIFT/diamond/diff_hists.pn
g> <../programme/results/Task_1/scaled_experiements/SIFT/diamond/keypoints_foun
d.png> <../programme/results/Task_1/scaled_experiements/SIFT/diamond/image_0.jp
g> <../programme/results/Task_1/scaled_experiements/SIFT/diamond/image_1.jpg> <
../programme/results/Task_1/scaled_experiements/SIFT/diamond/image_2.jpg> <../p
rogramme/results/Task_1/scaled_experiements/SIFT/diamond/image_3.jpg>]
<../programme/results/Task_3/diamond/image_0.jpg, id=84, 182.6825pt x 279.0425p
t>
File: ../programme/results/Task_3/diamond/image_0.jpg Graphic file (type jpg)
<use ../programme/results/Task_3/diamond/image_0.jpg>
Package pdftex.def Info: ../programme/results/Task_3/diamond/image_0.jpg  used 
on input line 466.
(pdftex.def)             Requested size: 103.19843pt x 157.63374pt.

Underfull \hbox (badness 10000) in paragraph at lines 467--467
[]\OT1/ptm/m/n/10 Fig. 43: |Di-a-mond:
 []


Underfull \hbox (badness 10000) in paragraph at lines 467--467
\OT1/ptm/m/n/10 Seper-ated fore-ground
 []

<../programme/results/Task_3/diamond/image_1.jpg, id=85, 182.6825pt x 279.0425p
t>
File: ../programme/results/Task_3/diamond/image_1.jpg Graphic file (type jpg)
<use ../programme/results/Task_3/diamond/image_1.jpg>
Package pdftex.def Info: ../programme/results/Task_3/diamond/image_1.jpg  used 
on input line 472.
(pdftex.def)             Requested size: 103.19843pt x 157.63374pt.

Underfull \hbox (badness 1824) in paragraph at lines 473--473
[]\OT1/ptm/m/n/10 Fig. 44: |Di-a-mond: the
 []

[7 <../programme/results/Task_1/rotated_experiements/Harris/dugong/num_corners.
png> <../programme/results/Task_1/rotated_experiements/Harris/dugong/diff_hists
.png> <../programme/results/Task_1/rotated_experiements/Harris/dugong/hists.png
> <../programme/results/Task_1/rotated_experiements/Harris/dugong/image_0.jpg> 
<../programme/results/Task_1/rotated_experiements/Harris/dugong/image_1.jpg> <.
./programme/results/Task_1/rotated_experiements/Harris/dugong/image_2.jpg> <../
programme/results/Task_1/rotated_experiements/Harris/dugong/image_3.jpg>]
<../programme/results/Task_3/dugong/image_0.jpg, id=93, 863.225pt x 481.8pt>
File: ../programme/results/Task_3/dugong/image_0.jpg Graphic file (type jpg)
<use ../programme/results/Task_3/dugong/image_0.jpg>
Package pdftex.def Info: ../programme/results/Task_3/dugong/image_0.jpg  used o
n input line 491.
(pdftex.def)             Requested size: 206.39685pt x 115.19325pt.
<../programme/results/Task_3/dugong/image_1.jpg, id=94, 863.225pt x 481.8pt>
File: ../programme/results/Task_3/dugong/image_1.jpg Graphic file (type jpg)
<use ../programme/results/Task_3/dugong/image_1.jpg>
Package pdftex.def Info: ../programme/results/Task_3/dugong/image_1.jpg  used o
n input line 497.
(pdftex.def)             Requested size: 206.39685pt x 115.19325pt.
<../programme/results/Task_4/diamond/HSV/image_1.jpg, id=95, 182.6825pt x 279.0
425pt>
File: ../programme/results/Task_4/diamond/HSV/image_1.jpg Graphic file (type jp
g)
<use ../programme/results/Task_4/diamond/HSV/image_1.jpg>
Package pdftex.def Info: ../programme/results/Task_4/diamond/HSV/image_1.jpg  u
sed on input line 513.
(pdftex.def)             Requested size: 103.19843pt x 157.63374pt.

Underfull \hbox (badness 2096) in paragraph at lines 514--514
[]\OT1/ptm/m/n/10 Fig. 47: |Di-a-mond: 1st
 []

<../programme/results/Task_4/diamond/HSV/image_2.jpg, id=96, 182.6825pt x 279.0
425pt>
File: ../programme/results/Task_4/diamond/HSV/image_2.jpg Graphic file (type jp
g)
<use ../programme/results/Task_4/diamond/HSV/image_2.jpg>
Package pdftex.def Info: ../programme/results/Task_4/diamond/HSV/image_2.jpg  u
sed on input line 519.
(pdftex.def)             Requested size: 103.19843pt x 157.63374pt.
<../programme/results/Task_4/diamond/BGR/image_2.jpg, id=97, 182.6825pt x 279.0
425pt>
File: ../programme/results/Task_4/diamond/BGR/image_2.jpg Graphic file (type jp
g)
<use ../programme/results/Task_4/diamond/BGR/image_2.jpg>
Package pdftex.def Info: ../programme/results/Task_4/diamond/BGR/image_2.jpg  u
sed on input line 527.
(pdftex.def)             Requested size: 103.19843pt x 157.63374pt.
<../programme/results/Task_4/diamond/contours/image_0.jpg, id=98, 182.6825pt x 
279.0425pt>
File: ../programme/results/Task_4/diamond/contours/image_0.jpg Graphic file (ty
pe jpg)
<use ../programme/results/Task_4/diamond/contours/image_0.jpg>
Package pdftex.def Info: ../programme/results/Task_4/diamond/contours/image_0.j
pg  used on input line 535.
(pdftex.def)             Requested size: 103.19843pt x 157.63374pt.
<../programme/results/Task_4/dugong/HSV/image_1.jpg, id=99, 863.225pt x 481.8pt
>
File: ../programme/results/Task_4/dugong/HSV/image_1.jpg Graphic file (type jpg
)
<use ../programme/results/Task_4/dugong/HSV/image_1.jpg>
Package pdftex.def Info: ../programme/results/Task_4/dugong/HSV/image_1.jpg  us
ed on input line 546.
(pdftex.def)             Requested size: 103.19843pt x 57.59294pt.

Underfull \hbox (badness 5787) in paragraph at lines 547--547
[]\OT1/ptm/m/n/10 Fig. 51: |Dugong: 1st
 []

<../programme/results/Task_4/dugong/HSV/image_2.jpg, id=100, 863.225pt x 481.8p
t>
File: ../programme/results/Task_4/dugong/HSV/image_2.jpg Graphic file (type jpg
)
<use ../programme/results/Task_4/dugong/HSV/image_2.jpg>
Package pdftex.def Info: ../programme/results/Task_4/dugong/HSV/image_2.jpg  us
ed on input line 552.
(pdftex.def)             Requested size: 103.19843pt x 57.59294pt.

Underfull \hbox (badness 3058) in paragraph at lines 553--553
[]\OT1/ptm/m/n/10 Fig. 52: |Dugong: 2nd
 []

<../programme/results/Task_4/dugong/HSV/image_3.jpg, id=101, 863.225pt x 481.8p
t>
File: ../programme/results/Task_4/dugong/HSV/image_3.jpg Graphic file (type jpg
)
<use ../programme/results/Task_4/dugong/HSV/image_3.jpg>
Package pdftex.def Info: ../programme/results/Task_4/dugong/HSV/image_3.jpg  us
ed on input line 558.
(pdftex.def)             Requested size: 103.19843pt x 57.59294pt.

Underfull \hbox (badness 4279) in paragraph at lines 559--559
[]\OT1/ptm/m/n/10 Fig. 53: |Dugong: 3rd
 []

<../programme/results/Task_4/dugong/BGR/image_1.jpg, id=102, 863.225pt x 481.8p
t>
File: ../programme/results/Task_4/dugong/BGR/image_1.jpg Graphic file (type jpg
)
<use ../programme/results/Task_4/dugong/BGR/image_1.jpg>
Package pdftex.def Info: ../programme/results/Task_4/dugong/BGR/image_1.jpg  us
ed on input line 568.
(pdftex.def)             Requested size: 103.19843pt x 57.59294pt.

Underfull \hbox (badness 5787) in paragraph at lines 569--569
[]\OT1/ptm/m/n/10 Fig. 54: |Dugong: 1st
 []

<../programme/results/Task_4/dugong/BGR/image_2.jpg, id=103, 863.225pt x 481.8p
t>
File: ../programme/results/Task_4/dugong/BGR/image_2.jpg Graphic file (type jpg
)
<use ../programme/results/Task_4/dugong/BGR/image_2.jpg>
Package pdftex.def Info: ../programme/results/Task_4/dugong/BGR/image_2.jpg  us
ed on input line 574.
(pdftex.def)             Requested size: 103.19843pt x 57.59294pt.

Underfull \hbox (badness 3058) in paragraph at lines 575--575
[]\OT1/ptm/m/n/10 Fig. 55: |Dugong: 2nd
 []

<../programme/results/Task_4/dugong/BGR/image_3.jpg, id=104, 863.225pt x 481.8p
t>
File: ../programme/results/Task_4/dugong/BGR/image_3.jpg Graphic file (type jpg
)
<use ../programme/results/Task_4/dugong/BGR/image_3.jpg>
Package pdftex.def Info: ../programme/results/Task_4/dugong/BGR/image_3.jpg  us
ed on input line 580.
(pdftex.def)             Requested size: 103.19843pt x 57.59294pt.

Underfull \hbox (badness 4279) in paragraph at lines 581--581
[]\OT1/ptm/m/n/10 Fig. 56: |Dugong: 3rd
 []

<../programme/results/Task_4/dugong/contours/image_0.jpg, id=105, 863.225pt x 4
81.8pt>
File: ../programme/results/Task_4/dugong/contours/image_0.jpg Graphic file (typ
e jpg)
<use ../programme/results/Task_4/dugong/contours/image_0.jpg>
Package pdftex.def Info: ../programme/results/Task_4/dugong/contours/image_0.jp
g  used on input line 589.
(pdftex.def)             Requested size: 258.0pt x 143.99709pt.

Underfull \vbox (badness 10000) has occurred while \output is active []

 [8 <../programme/results/Task_1/scaled_experiements/Harris/dugong/diff between
 keypoints found.png> <../programme/results/Task_1/scaled_experiements/Harris/d
ugong/hists.png> <../programme/results/Task_1/scaled_experiements/Harris/dugong
/diff_hists.png> <../programme/results/Task_1/scaled_experiements/Harris/dugong
/image_0.jpg> <../programme/results/Task_1/scaled_experiements/Harris/dugong/im
age_1.jpg> <../programme/results/Task_1/scaled_experiements/Harris/dugong/image
_2.jpg> <../programme/results/Task_1/scaled_experiements/Harris/dugong/image_3.
jpg>]
[9 <../programme/results/Task_3/diamond/image_0.jpg> <../programme/results/Task
_3/diamond/image_1.jpg> <../programme/results/Task_3/dugong/image_0.jpg> <../pr
ogramme/results/Task_3/dugong/image_1.jpg> <../programme/results/Task_4/diamond
/HSV/image_1.jpg> <../programme/results/Task_4/diamond/HSV/image_2.jpg>]
[10 <../programme/results/Task_4/diamond/BGR/image_2.jpg> <../programme/results
/Task_4/diamond/contours/image_0.jpg> <../programme/results/Task_4/dugong/HSV/i
mage_1.jpg> <../programme/results/Task_4/dugong/HSV/image_2.jpg> <../programme/
results/Task_4/dugong/HSV/image_3.jpg> <../programme/results/Task_4/dugong/BGR/
image_1.jpg> <../programme/results/Task_4/dugong/BGR/image_2.jpg> <../programme
/results/Task_4/dugong/BGR/image_3.jpg>] [11 <../programme/results/Task_4/dugon
g/contours/image_0.jpg>]
Underfull \hbox (badness 3240) in paragraph at lines 599--600
[]\OT1/ptm/m/n/8 Dr. S. An. 2020. Ma-chine Per-cep-tion Lec-ture 03 [Pow-er-Poi
nt
 []


Underfull \hbox (badness 10000) in paragraph at lines 599--600
\OT1/ptm/m/n/8 southeast-2.amazonaws.com/5dc3e34515a0e/4348643?response-
 []


Underfull \hbox (badness 10000) in paragraph at lines 599--600
\OT1/ptm/m/n/8 cache-control=private%2C%20max-age%3D21600&response-
 []


Underfull \hbox (badness 10000) in paragraph at lines 599--600
\OT1/ptm/m/n/8 content-disposition=inline%3B%20filename%2A%3DUTF-
 []


Underfull \hbox (badness 10000) in paragraph at lines 599--600
\OT1/ptm/m/n/8 8%27%27lecture03[]feature[]detection.pdf&response-content-
 []


Underfull \hbox (badness 10000) in paragraph at lines 599--600
\OT1/ptm/m/n/8 type=application%2Fpdf&X-Amz-Algorithm=AWS4-HMAC-
 []


Underfull \hbox (badness 10000) in paragraph at lines 599--600
\OT1/ptm/m/n/8 SHA256&X-Amz-Date=20200927T060000Z&X-Amz-
 []


Underfull \hbox (badness 10000) in paragraph at lines 599--600
\OT1/ptm/m/n/8 SignedHeaders=host&X-Amz-Expires=21600&X-Amz-
 []


Underfull \hbox (badness 10000) in paragraph at lines 599--600
\OT1/ptm/m/n/8 Credential=AKIAYDKQORRYZBCCQFY5%2F20200927%2Fap-
 []


Underfull \hbox (badness 10000) in paragraph at lines 599--600
\OT1/ptm/m/n/8 southeast-2%2Fs3%2Faws4[]request&X-Amz-
 []


Overfull \hbox (46.34296pt too wide) in paragraph at lines 599--600
\OT1/ptm/m/n/8 Signature=bcf107d5e76759efe45687b516ac725158189de0af558d0a7a798d
f1723f4299 
 []


Underfull \vbox (badness 10000) has occurred while \output is active []


Underfull \hbox (badness 10000) in paragraph at lines 601--602
[]\OT1/ptm/m/n/8 A. Mord-vin-stev and K. Abid. "Har-ris Cor-ner de-tec-
 []


Underfull \hbox (badness 10000) in paragraph at lines 601--602
\OT1/ptm/m/n/8 tion". OpenCV-Python Tu-to-ri-als. https://opencv-python-
 []


Overfull \hbox (92.39612pt too wide) in paragraph at lines 601--602
\OT1/ptm/m/n/8 tutroals.readthedocs.io/en/latest/py[]tutorials/py[]feature2d/py
[]features[]harris/py[]features[]harris.html
 []


Underfull \hbox (badness 10000) in paragraph at lines 603--604
[]\OT1/ptm/m/n/8 OpenCV. "In-tro-duc-tion to SIFT (Scale-Invariant Fea-ture
 []


Underfull \hbox (badness 10000) in paragraph at lines 603--604
\OT1/ptm/m/n/8 Trans-form)". OpenCV-Open source Com-puter vi-sion.
 []


Overfull \hbox (56.54938pt too wide) in paragraph at lines 605--606
\OT1/ptm/m/n/8 https://citeseerx.ist.psu.edu/viewdoc/download?doi=10.1.1.434.48
16&rep=rep1&type=pdf 
 []


Underfull \hbox (badness 10000) in paragraph at lines 607--608
[]\OT1/ptm/m/n/8 A. Rose-brock. De-cem-ber, 7, 2015. "Lo-cal Bi-nary
 []


Underfull \hbox (badness 10000) in paragraph at lines 607--608
\OT1/ptm/m/n/8 Pat-terns with Python & OpenCV". py-im-age-search.
 []


Underfull \hbox (badness 10000) in paragraph at lines 607--608
\OT1/ptm/m/n/8 https://www.pyimagesearch.com/2015/12/07/local-binary-patterns-
 []


Underfull \hbox (badness 10000) in paragraph at lines 611--612
[]\OT1/ptm/m/n/8 Kanan C, Cot-trell GW (2012) Color-to-Grayscale: Does the
 []


Underfull \hbox (badness 10000) in paragraph at lines 613--614
\OT1/ptm/m/n/8 Avail-able: https://learn-ap-southeast-2-prod-fleet01-xythos.s3.
ap-
 []


Underfull \hbox (badness 10000) in paragraph at lines 613--614
\OT1/ptm/m/n/8 southeast-2.amazonaws.com/5dc3e34515a0e/6301343?response-
 []


Underfull \hbox (badness 10000) in paragraph at lines 613--614
\OT1/ptm/m/n/8 cache-control=private%2C%20max-age%3D21600&response-
 []


Underfull \hbox (badness 10000) in paragraph at lines 613--614
\OT1/ptm/m/n/8 content-disposition=inline%3B%20filename%2A%3DUTF-
 []


Overfull \hbox (10.37453pt too wide) in paragraph at lines 613--614
\OT1/ptm/m/n/8 8%27%27lecture04[]feature[]extraction[]2019%25281%2529.pdf&respo
nse-
 []


Underfull \hbox (badness 10000) in paragraph at lines 613--614
\OT1/ptm/m/n/8 content-type=application%2Fpdf&X-Amz-Algorithm=AWS4-
 []


Underfull \hbox (badness 10000) in paragraph at lines 613--614
\OT1/ptm/m/n/8 HMAC-SHA256&X-Amz-Date=20201005T060000Z&X-
 []


Underfull \hbox (badness 10000) in paragraph at lines 613--614
\OT1/ptm/m/n/8 Amz-SignedHeaders=host&X-Amz-Expires=21600&X-Amz-
 []


Underfull \hbox (badness 10000) in paragraph at lines 613--614
\OT1/ptm/m/n/8 Credential=AKIAYDKQORRYZBCCQFY5%2F20201005%2Fap-
 []


Underfull \hbox (badness 10000) in paragraph at lines 613--614
\OT1/ptm/m/n/8 southeast-2%2Fs3%2Faws4[]request&X-Amz-
 []


Overfull \hbox (47.22284pt too wide) in paragraph at lines 613--614
\OT1/ptm/m/n/8 Signature=c3d82f1e880c0787db8eb858336ae4e82df4d25ad29ea5a9563494
a6f57cc6d4 
 []


Underfull \hbox (badness 10000) in paragraph at lines 616--617
[]\OT1/ptm/m/n/8 C. H. Chan. "Multi-scale Lo-cal Bi-nary Pat-tern His-
 []


Underfull \hbox (badness 10000) in paragraph at lines 616--617
\OT1/ptm/m/n/8 togram for Face Recog-ni-tion". The Uni-ver-stiy of Sur-rey.
 []


Underfull \hbox (badness 10000) in paragraph at lines 616--617
\OT1/ptm/m/n/8 Sur-rey, Guild-ford, U.K. gu27xh. Septem-ber 2008. [On-
 []


Underfull \hbox (badness 10000) in paragraph at lines 616--617
\OT1/ptm/m/n/8 line]. Avail-able: https://www.researchgate.net/profile/Chi-
 []


Underfull \hbox (badness 10000) in paragraph at lines 616--617
\OT1/ptm/m/n/8 Ho[]Chan/publication/224936218[]Multi-
 []


Overfull \hbox (111.39716pt too wide) in paragraph at lines 616--617
\OT1/ptm/m/n/8 scale[]Local[]Binary[]Pattern[]Histograms[]for[]Face[]Recognitio
n/links/00b495225c98186d23000000/Multi-
 []


Overfull \hbox (420.96425pt too wide) in paragraph at lines 618--619
\OT1/ptm/m/n/8 https://reader.elsevier.com/reader/sd/pii/S0925231215006475?toke
n=53A42C9FF9C438422CB044F70C414EA9C464364C8C5A90D9A510E9D71B152E4E0ABB5302BAA3E
B4C035E9A77008BC0CC 
 []


** Conference Paper **
Before submitting the final camera ready copy, remember to:

 1. Manually equalize the lengths of two columns on the last page
 of your paper;

 2. Ensure that any PostScript and/or PDF output post-processing
 uses only Type 1 fonts and that every step in the generation
 process uses the appropriate paper size.

[12

] (conference_101719.aux)

LaTeX Warning: There were undefined references.


LaTeX Warning: There were multiply-defined labels.

 ) 
Here is how much of TeX's memory you used:
 6801 strings out of 480896
 135492 string characters out of 2898165
 378296 words of memory out of 3000000
 22584 multiletter control sequences out of 15000+200000
 565618 words of font info for 82 fonts, out of 3000000 for 9000
 1141 hyphenation exceptions out of 8191
 43i,9n,48p,2170b,332s stack positions out of 5000i,500n,10000p,200000b,50000s
{C:/Users/tawan/AppData/Local/Programs/MiKTeX 2.9/fonts/enc/dvips/base/8r.enc
}<C:/Users/tawan/AppData/Local/Programs/MiKTeX 2.9/fonts/type1/public/amsfonts/
cm/cmex10.pfb><C:/Users/tawan/AppData/Local/Programs/MiKTeX 2.9/fonts/type1/pub
lic/amsfonts/cm/cmmi10.pfb><C:/Users/tawan/AppData/Local/Programs/MiKTeX 2.9/fo
nts/type1/public/amsfonts/cm/cmmi7.pfb><C:/Users/tawan/AppData/Local/Programs/M
iKTeX 2.9/fonts/type1/public/amsfonts/cm/cmr10.pfb><C:/Users/tawan/AppData/Loca
l/Programs/MiKTeX 2.9/fonts/type1/public/amsfonts/cm/cmr7.pfb><C:/Users/tawan/A
ppData/Local/Programs/MiKTeX 2.9/fonts/type1/public/amsfonts/cm/cmsy10.pfb><C:/
Users/tawan/AppData/Local/Programs/MiKTeX 2.9/fonts/type1/public/amsfonts/cm/cm
sy7.pfb><C:/Users/tawan/AppData/Local/Programs/MiKTeX 2.9/fonts/type1/urw/times
/utmb8a.pfb><C:/Users/tawan/AppData/Local/Programs/MiKTeX 2.9/fonts/type1/urw/t
imes/utmbi8a.pfb><C:/Users/tawan/AppData/Local/Programs/MiKTeX 2.9/fonts/type1/
urw/times/utmr8a.pfb><C:/Users/tawan/AppData/Local/Programs/MiKTeX 2.9/fonts/ty
pe1/urw/times/utmri8a.pfb>
Output written on conference_101719.pdf (12 pages, 2920435 bytes).
PDF statistics:
 160 PDF objects out of 1000 (max. 8388607)
 0 named destinations out of 1000 (max. 500000)
 281 words of extra memory for PDF output out of 10000 (max. 10000000)

